[Licensing::Module] Trying to connect to existing licensing client channel...
Built from '6000.3/staging' branch; Version is '6000.3.10f1 (e35f0c77bd8e) revision 14901004'; Using compiler version '194234433'; Build Type 'Release'
OS: 'Windows 11  (10.0.26100) Core' Language: 'ko' Physical Memory: 32694 MB
[Licensing::IpcConnector] Successfully connected to: "LicenseClient-kki02" at "2026-06-07T09:41:21.203283Z"
BatchMode: 1, IsHumanControllingUs: 0, StartBugReporterOnCrash: 0, Is64bit: 1
System  architecture: x64
Process architecture: x64
Date: 2026-06-07T09:41:21Z

COMMAND LINE ARGUMENTS:
C:\Program Files\Unity\Hub\Editor\6000.3.10f1\Editor\Unity.exe
-quit
-batchmode
-projectPath
d:\unity\My project
-executeMethod
UnityEditor.SyncVS.SyncSolution
-logFile
compile5.log
Successfully changed project path to: d:\unity\My project
D:/unity/My project
Exiting without the bug reporter. Application will terminate with return code 1